<?xml version="1.0" encoding="UTF-8"?>
<testsuite name="webtech.toDoListe.ToDoListeApplicationTests" tests="1" skipped="0" failures="0" errors="0" timestamp="2025-11-12T12:08:48.238Z" hostname="MacBook-Pro-von-Vladimir.local" time="0.38">
  <properties/>
  <testcase name="contextLoads()" classname="webtech.toDoListe.ToDoListeApplicationTests" time="0.38"/>
  <system-out><![CDATA[13:08:47.601 [Test worker] INFO org.springframework.test.context.support.AnnotationConfigContextLoaderUtils -- Could not detect default configuration classes for test class [webtech.toDoListe.ToDoListeApplicationTests]: ToDoListeApplicationTests does not declare any static, non-private, non-final, nested classes annotated with @Configuration.
13:08:47.657 [Test worker] INFO org.springframework.boot.test.context.SpringBootTestContextBootstrapper -- Found @SpringBootConfiguration webtech.toDoListe.ToDoListeApplication for test class webtech.toDoListe.ToDoListeApplicationTests

  .   ____          _            __ _ _
 /\\ / ___'_ __ _ _(_)_ __  __ _ \ \ \ \
( ( )\___ | '_ | '_| | '_ \/ _` | \ \ \ \
 \\/  ___)| |_)| | | | | || (_| |  ) ) ) )
  '  |____| .__|_| |_|_| |_\__, | / / / /
 =========|_|==============|___/=/_/_/_/

 :: Spring Boot ::                (v3.5.6)

2025-11-12T13:08:47.809+01:00  INFO 3398 --- [toDoListe] [    Test worker] w.toDoListe.ToDoListeApplicationTests    : Starting ToDoListeApplicationTests using Java 25 with PID 3398 (started by emcor15 in /Users/emcor15/IdeaProjects/To-Do-Liste)
2025-11-12T13:08:47.810+01:00  INFO 3398 --- [toDoListe] [    Test worker] w.toDoListe.ToDoListeApplicationTests    : No active profile set, falling back to 1 default profile: "default"
2025-11-12T13:08:48.233+01:00  INFO 3398 --- [toDoListe] [    Test worker] w.toDoListe.ToDoListeApplicationTests    : Started ToDoListeApplicationTests in 0.523 seconds (process running for 1.026)
]]></system-out>
  <system-err><![CDATA[Mockito is currently self-attaching to enable the inline-mock-maker. This will no longer work in future releases of the JDK. Please add Mockito as an agent to your build as described in Mockito's documentation: https://javadoc.io/doc/org.mockito/mockito-core/latest/org.mockito/org/mockito/Mockito.html#0.3
WARNING: A Java agent has been loaded dynamically (/Users/emcor15/.gradle/caches/modules-2/files-2.1/net.bytebuddy/byte-buddy-agent/1.17.7/fbf3d6d649ed37fc9e9c59480a05be0a26e3c2da/byte-buddy-agent-1.17.7.jar)
WARNING: If a serviceability tool is in use, please run with -XX:+EnableDynamicAgentLoading to hide this warning
WARNING: If a serviceability tool is not in use, please run with -Djdk.instrument.traceUsage for more information
WARNING: Dynamic loading of agents will be disallowed by default in a future release
]]></system-err>
</testsuite>
